<?xml version="1.0" encoding="UTF-8"?>
<testsuite name="com.ll.level0.p120807.Tests" tests="3" skipped="0" failures="0" errors="0" timestamp="2023-02-23T00:27:17" hostname="DESKTOP-JRQH0G1" time="0.047">
  <properties/>
  <testcase name="2,3 =&gt; -1" classname="com.ll.level0.p120807.Tests" time="0.044"/>
  <testcase name="11,11 =&gt; 11" classname="com.ll.level0.p120807.Tests" time="0.001"/>
  <testcase name="7,99 =&gt; -1" classname="com.ll.level0.p120807.Tests" time="0.001"/>
  <system-out><![CDATA[]]></system-out>
  <system-err><![CDATA[]]></system-err>
</testsuite>
